<?xml version="1.0" encoding="UTF-8"?>
<!-- Generated by org.testng.reporters.JUnitReportReporter -->
<testsuite hostname="LAPTOP-438NANFK" failures="0" tests="1" name="MyRunner.TestRunner" time="5.866" errors="0" timestamp="10 Jun 2021 15:32:51 GMT" skipped="0">
  <testcase classname="MyRunner.TestRunner" name="feature" time="5.866"/>
</testsuite> <!-- MyRunner.TestRunner -->
